Starting Dynare (version 5.2).
Calling Dynare with arguments: none
Starting preprocessing of the model file ...
Substitution of endo leads >= 2: added 9 auxiliary variables and equations.
Substitution of endo lags >= 2: added 22 auxiliary variables and equations.
Found 84 equation(s).
Evaluating expressions...done
Computing static model derivatives (order 1).
Computing dynamic model derivatives (order 2).
Processing outputs ...
done
Preprocessing completed.


STEADY-STATE RESULTS:

DLA_CPI           		 3
DLA_CPI_LIVRES    		 3
DLA_CPI_C         		 3
D4L_CPI_LIVRES    		 3
D_E_D4L_CPI       		 0
E_D4L_CPI         		 3
HIATO             		 0
DLA_GDP           		 1.5
D4L_GDP           		 1.5
D4L_GDP_BAR       		 1.5
G                 		 1.5
STANCE            		 0
JURO_NOMINAL      		 3
JURO_NEUTRO       		 0
E_JURO_NOMINAL    		 3
E1_JURO_NOMINAL   		 3
E2_JURO_NOMINAL   		 3
E3_JURO_NOMINAL   		 3
E4_JURO_NOMINAL   		 3
JURO_REAL         		 0
Z                 		 0
DLA_CAMBIO        		 1
D4L_CAMBIO        		 1
CAMBIO_PPC        		 1
DIFF_JURO         		 -1
DLA_COMM_USD      		 0
DLA_COMM_BRL      		 1
D4L_COMM_ENERGIA  		 0
D_DLA_CAMBIO      		 0
UNR               		 10.17
UNR_BAR           		 10.17
UNR_GAP           		 0
CAPU              		 80.82
CAPU_BAR          		 80.82
CAPU_GAP          		 0
E4_D4L_CPI        		 3
PREM              		 4
D_DLA_COMM_BRL    		 0
PIB_GAP           		 0
CAGED_GAP         		 0
META              		 3
CDS               		 200
FEDFUNDS          		 2
DLA_COMM_METAL    		 0
DLA_COMM_AGRO     		 0
DLA_COMM_ENERGY   		 0
INCERTEZA         		 0
DUM_LANINA        		 0
DUM_ELNINO        		 0
W_CPI_C           		 0.25
W_CPI_LIVRES      		 0.75
DUM_ENERGIA       		 0
D4L_CPI_C         		 3

Initial value of the log posterior (or likelihood): -3807.4277

RESULTS FROM POSTERIOR ESTIMATION
parameters
                    prior mean     mode    s.d.  prior pstdev

alpha1l                 0.4800   0.6062  0.0952   unif 0.2714 
alpha2                  0.4800   0.0277  0.0091   unif 0.2714 
alpha3                  0.4800   0.0488  0.0278   unif 0.2714 
alpha4                  1.0000   0.1102  0.0978   unif 0.5774 
alpha5                  1.0000   0.0130  0.9237   unif 0.5774 
alpha6                  1.0000   0.0129  0.9237   unif 0.5774 
beta1                   0.4800   0.7822  0.0289   unif 0.2714 
beta2                   0.4800   0.1486  0.0291   unif 0.2714 
beta4                   0.0500   0.0510  0.0041   beta 0.0050 
tau                     0.1000   0.7603  0.1339   norm 0.5000 
teta1                   1.0000   1.5547  0.0380   unif 0.5774 
teta2                   0.0000  -0.6548  0.0354   unif 0.5774 
teta3                   4.0000   1.0026  0.3477   unif 2.3094 
phi1                    0.4800   0.8315  0.0438   unif 0.2714 
phi2                    0.5000   0.0672  0.0360   unif 0.2887 
phi3                    0.0000   0.0076  0.0175   unif 0.5774 
phi4                    0.0000   0.0017  0.0010   unif 0.0577 
phi5                    0.0000   0.0461  0.0192   unif 0.5774 
deltadiff               5.0000   8.2418  3.6805   unif 2.8868 
gaps_devpad             1.0000   1.0624  0.0695   unif 0.5774 
kappa1                  1.5000   0.9312  0.0730   unif 0.8660 
kappa2                  1.5000   1.0962  0.0859   unif 0.8660 
kappa3                  1.5000   0.7869  0.0574   unif 0.8660 
sigma1                  0.5000   0.4101  0.1160   unif 0.2887 
sigma2                  0.5000   0.2492  0.1217   unif 0.2887 
sigma3                  0.5000   0.4462  0.1109   unif 0.2887 

standard deviation of shocks
                    prior mean     mode    s.d.  prior pstdev

RES_E_D4L_CPI           1.5000   0.1955  0.0181   unif 0.8660 
RES_DLA_CPI_LIVRES      2.5000   1.5179  0.1355   unif 1.4434 
RES_HIATO               0.5050   0.3235  0.0738   unif 0.2858 
RES_G                   5.0000   3.3058  0.3748   unif 2.8868 
RES_INCERTEZA          10.0050   6.5928  0.5835   unif 5.7706 
RES_JURO_NOMINAL        1.5050   0.4679  0.0428   unif 0.8631 
RES_E_JURO_NOMINAL      1.5050   0.4325  0.0423   unif 0.8631 
RES_Z                   0.1000   0.1187  0.0133   invg 0.0100 
RES_DLA_CAMBIO         17.5000  26.6399  2.3531   unif 10.1036 
RES_CDS                50.0000  66.0347  5.8793   unif 28.8675 
RES_FEDFUNDS           20.0000   0.3420  0.0305   unif 11.5470 
RES_META                0.5000   0.1237  0.0110   unif 0.2887 
RES_DLA_COMM_METAL     50.0000  35.1164  3.1037   unif 28.8675 
RES_DLA_COMM_AGRO      50.0000  25.3268  2.2374   unif 28.8675 
RES_DLA_COMM_ENERGY    50.0000  42.6894  3.7736   unif 28.8675 


Log data density [Laplace approximation] is -3869.076292.


DsgeSmoother: Switching to univariate filter. This is usually due to co-integration in diffuse filter,
 otherwise it may be a sign of stochastic singularity.
Reporting dynamic forecasts 1 period ahead
Total computing time : 0h00m04s
